cfx-nui-npwd_qbx_garages/index-kGro1BsJ.js:1          Failed to load resource: the server responded with a status of 404 (Not Found)
cfx-nui-npwd_qbx_mail/index-9FLwQ0vv.js:1          Failed to load resource: the server responded with a status of 404 (Not Found)
chat.js:1 TypeError: Cannot read properties of undefined (reading 'replace')
    at Proxy.textEscaped (chat.js:1:60163)
    at ce.run (chat.js:1:4149)
    at get value [as value] (chat.js:1:11505)
    at Object.get [as textEscaped] (chat.js:1:47358)
    at Object.get (chat.js:1:22821)
    at Proxy.<anonymous> (chat.js:1:61790)
    at zt (chat.js:1:14395)
    at ce.fn (chat.js:1:36722)
    at ce.run (chat.js:1:4149)
    at W.e.update (chat.js:1:36973)
(anonymous) @ chat.js:1
index-ebf41f23.js:256 Objectdata: []status: "ok"[[Prototype]]: Objectconstructor: ƒ Object()hasOwnProperty: ƒ hasOwnProperty()isPrototypeOf: ƒ isPrototypeOf()propertyIsEnumerable: ƒ propertyIsEnumerable()toLocaleString: ƒ toLocaleString()toString: ƒ toString()valueOf: ƒ valueOf()__defineGetter__: ƒ (prop, func)__defineSetter__: ƒ __defineSetter__()__lookupGetter__: ƒ __lookupGetter__()__lookupSetter__: ƒ __lookupSetter__()__proto__: (...)get __proto__: ƒ __proto__()set __proto__: ƒ __proto__()
index-ebf41f23.js:341 Uncaught (in promise) TypeError: Cannot read properties of undefined (reading 'map')
    at index-ebf41f23.js:341:1162537
    at index-ebf41f23.js:341:1162672
    at Nf (__federation_shared_react-dom-b49417f4.js:23:6504)
    at e.unstable_runWithPriority (__federation_shared_react-dom-b49417f4.js:8:3835)
    at on (__federation_shared_react-dom-b49417f4.js:19:38391)
    at Xe (__federation_shared_react-dom-b49417f4.js:23:5979)
    at ei (__federation_shared_react-dom-b49417f4.js:21:10676)
    at __federation_shared_react-dom-b49417f4.js:19:38613
    at e.unstable_runWithPriority (__federation_shared_react-dom-b49417f4.js:8:3835)
    at on (__federation_shared_react-dom-b49417f4.js:19:38391)
index-ebf41f23.js:341 Uncaught (in promise) TypeError: Cannot read properties of undefined (reading 'map')
    at index-ebf41f23.js:341:1162537
    at index-ebf41f23.js:341:1162672
    at Nf (__federation_shared_react-dom-b49417f4.js:23:6504)
    at e.unstable_runWithPriority (__federation_shared_react-dom-b49417f4.js:8:3835)
    at on (__federation_shared_react-dom-b49417f4.js:19:38391)
    at Xe (__federation_shared_react-dom-b49417f4.js:23:5979)
    at ei (__federation_shared_react-dom-b49417f4.js:21:10676)
    at __federation_shared_react-dom-b49417f4.js:19:38613
    at e.unstable_runWithPriority (__federation_shared_react-dom-b49417f4.js:8:3835)
    at on (__federation_shared_react-dom-b49417f4.js:19:38391)
remoteEntry.js:1 Uncaught SyntaxError: Cannot use import statement outside a module
index-ebf41f23.js:341 Loaded external app npwd_qbx_mail
remoteEntry.js:1 Uncaught SyntaxError: Cannot use import statement outside a module
index-ebf41f23.js:341 Loaded external app npwd_qbx_mail
remoteEntry.js:1 Uncaught SyntaxError: Cannot use import statement outside a module
index-ebf41f23.js:341 Loaded external app npwd_qbx_garages
remoteEntry.js:1 Uncaught SyntaxError: Cannot use import statement outside a module
index-ebf41f23.js:341 Loaded external app npwd_qbx_garages
DevTools failed to load source map: Could not load content for https://cfx-nui-mugshotbase64/html/js/tf.min.js.map: Connection error: net::ERR_NAME_NOT_RESOLVED
DevTools failed to load source map: Could not load content for https://cfx-nui-mugshotbase64/html/js/body-pix.min.js.map: Connection error: net::ERR_NAME_NOT_RESOLVED
DevTools failed to load source map: Could not load content for https://cfx-nui-pma-voice/ui/js/chunk-vendors.js.map: Connection error: net::ERR_NAME_NOT_RESOLVED
DevTools failed to load source map: Could not load content for https://cfx-nui-pma-voice/ui/js/app.js.map: Connection error: net::ERR_NAME_NOT_RESOLVED
